<?xml version="1.0" encoding="UTF-8"?>
<!-- Generated by org.testng.reporters.JUnitReportReporter -->
<testsuite hostname="LAPTOP-4TAGSQNH" failures="0" tests="1" name="com.ecommerceApp.tests.LoginValidations2" time="47.851" errors="0" timestamp="2025-03-01T14:59:02 IST" skipped="0">
  <testcase classname="com.ecommerceApp.tests.LoginValidations2" name="validateLogin" time="47.851"/>
</testsuite> <!-- com.ecommerceApp.tests.LoginValidations2 -->
