<?xml version="1.0" encoding="UTF-8"?>
<!-- Generated by org.testng.reporters.JUnitReportReporter -->
<testsuite hostname="LAPTOP-4TAGSQNH" failures="0" tests="1" name="com.ecommerceApp.tests.OrderProductValidation" time="59.936" errors="0" timestamp="2025-03-03T14:03:31 IST" skipped="0">
  <testcase classname="com.ecommerceApp.tests.OrderProductValidation" name="validateEndToEnd" time="59.936"/>
</testsuite> <!-- com.ecommerceApp.tests.OrderProductValidation -->
