<?xml version="1.0" encoding="UTF-8"?>
<!-- Generated by org.testng.reporters.JUnitReportReporter -->
<testsuite hostname="LAPTOP-4TAGSQNH" failures="0" tests="2" name="com.ecommerceApp.tests.LoginValidations" time="61.573" errors="0" timestamp="2025-03-01T23:59:00 IST" skipped="0">
  <testcase classname="com.ecommerceApp.tests.LoginValidations" name="validateLogin" time="32.578"/>
  <testcase classname="com.ecommerceApp.tests.LoginValidations" name="validateLoginErrorWithMissingName" time="28.995"/>
</testsuite> <!-- com.ecommerceApp.tests.LoginValidations -->
