<?xml version="1.0" encoding="UTF-8"?>
<!-- Generated by org.testng.reporters.JUnitReportReporter -->
<testsuite hostname="LAPTOP-4TAGSQNH" failures="0" tests="2" name="com.ecommerceApp.tests.LoginValidations" time="52.830" errors="0" timestamp="2025-03-03T14:03:31 IST" skipped="0">
  <testcase classname="com.ecommerceApp.tests.LoginValidations" name="validateLogin" time="27.237"/>
  <testcase classname="com.ecommerceApp.tests.LoginValidations" name="validateLoginErrorWithMissingName" time="25.593"/>
</testsuite> <!-- com.ecommerceApp.tests.LoginValidations -->
